<?xml version="1.0" encoding="UTF-8"?>
<!-- Generated by org.testng.reporters.JUnitReportReporter -->
<testsuite hostname="DESKTOP-IN6H2CQ" failures="0" tests="1" name="Class1.DemoClass" time="0.010" errors="0" timestamp="04 Oct 2018 18:34:56 GMT" skipped="0">
  <testcase classname="Class1.DemoClass" name="call" time="0.010"/>
</testsuite> <!-- Class1.DemoClass -->
